
========================================
Master Log Session at 2025-11-21 10:50:15
========================================
[INFO] Loaded dataset: ctu || 2025-11-21 10:50:15
[INFO] Train size=250, Test size=100 || 2025-11-21 10:50:15
[INFO] Restricting train to first 100 rows || 2025-11-21 10:50:15
[INFO] Starting contrastive summarization on TRAIN split... || 2025-11-21 10:50:15
[INFO] Label ids: [0, 1] || 2025-11-21 10:50:15
[INFO] Number of class pairs: 1 || 2025-11-21 10:50:15
[INFO] Processing pair: 0 (Desktop) vs 1 (Laptop) || 2025-11-21 10:50:15
[INFO]   Round 1/5 for pair Desktop_Laptop || 2025-11-21 10:50:15
[INFO] Saved example prompt markdown to: ./data/features/ctu/prompt_examples/train_5-imgs_5-rounds_contrastive_prompt.md || 2025-11-21 10:50:16
[INFO]   Sending contrastive prompt to model... || 2025-11-21 10:50:16
[INFO]   Intermediate save → ./data/features/ctu/5-imgs_5-rounds_contrastive.json (len=1 for Desktop_Laptop) || 2025-11-21 10:50:30
[INFO]   Round 2/5 for pair Desktop_Laptop || 2025-11-21 10:50:30
[INFO]   Sending contrastive prompt to model... || 2025-11-21 10:50:31
[INFO]   Intermediate save → ./data/features/ctu/5-imgs_5-rounds_contrastive.json (len=2 for Desktop_Laptop) || 2025-11-21 10:50:51
[INFO]   Round 3/5 for pair Desktop_Laptop || 2025-11-21 10:50:51
[INFO]   Sending contrastive prompt to model... || 2025-11-21 10:50:52
[INFO]   Intermediate save → ./data/features/ctu/5-imgs_5-rounds_contrastive.json (len=3 for Desktop_Laptop) || 2025-11-21 10:51:09
[INFO]   Round 4/5 for pair Desktop_Laptop || 2025-11-21 10:51:09
[INFO]   Sending contrastive prompt to model... || 2025-11-21 10:51:10
[INFO]   Intermediate save → ./data/features/ctu/5-imgs_5-rounds_contrastive.json (len=4 for Desktop_Laptop) || 2025-11-21 10:51:35
[INFO]   Round 5/5 for pair Desktop_Laptop || 2025-11-21 10:51:35
[INFO]   Sending contrastive prompt to model... || 2025-11-21 10:51:36
[INFO]   Intermediate save → ./data/features/ctu/5-imgs_5-rounds_contrastive.json (len=5 for Desktop_Laptop) || 2025-11-21 10:51:51
[INFO] Saving final contrastive summaries to JSON... || 2025-11-21 10:51:51
[INFO] ✅ Finished. Results saved → ./data/features/ctu/5-imgs_5-rounds_contrastive.json || 2025-11-21 10:51:51
