
========================================
Master Log Session at 2025-11-21 10:44:07
========================================
[INFO] Loaded dataset: emg || 2025-11-21 10:44:07
[INFO] Train size=63, Test size=15 || 2025-11-21 10:44:07
[INFO] Starting contrastive summarization on TRAIN split... || 2025-11-21 10:44:07
[INFO] Label ids: [0, 1, 2] || 2025-11-21 10:44:07
[INFO] Number of class pairs: 3 || 2025-11-21 10:44:07
[INFO] Processing pair: 0 (Healthy (normal)) vs 1 (Myopathy) || 2025-11-21 10:44:07
[INFO]   Round 1/5 for pair Healthy_(normal)_Myopathy || 2025-11-21 10:44:07
[INFO] Saved example prompt markdown to: ./data/features/emg/prompt_examples/train_5-imgs_5-rounds_contrastive_prompt.md || 2025-11-21 10:44:07
[INFO]   Sending contrastive prompt to model... || 2025-11-21 10:44:07
[INFO]   Intermediate save → ./data/features/emg/5-imgs_5-rounds_contrastive.json (len=1 for Healthy_(normal)_Myopathy) || 2025-11-21 10:44:20
[INFO]   Round 2/5 for pair Healthy_(normal)_Myopathy || 2025-11-21 10:44:20
[INFO]   Sending contrastive prompt to model... || 2025-11-21 10:44:20
[INFO]   Intermediate save → ./data/features/emg/5-imgs_5-rounds_contrastive.json (len=2 for Healthy_(normal)_Myopathy) || 2025-11-21 10:44:36
[INFO]   Round 3/5 for pair Healthy_(normal)_Myopathy || 2025-11-21 10:44:36
[INFO]   Sending contrastive prompt to model... || 2025-11-21 10:44:36
[INFO]   Intermediate save → ./data/features/emg/5-imgs_5-rounds_contrastive.json (len=3 for Healthy_(normal)_Myopathy) || 2025-11-21 10:44:52
[INFO]   Round 4/5 for pair Healthy_(normal)_Myopathy || 2025-11-21 10:44:52
[INFO]   Sending contrastive prompt to model... || 2025-11-21 10:44:53
[INFO]   Intermediate save → ./data/features/emg/5-imgs_5-rounds_contrastive.json (len=4 for Healthy_(normal)_Myopathy) || 2025-11-21 10:45:08
[INFO]   Round 5/5 for pair Healthy_(normal)_Myopathy || 2025-11-21 10:45:08
[INFO]   Sending contrastive prompt to model... || 2025-11-21 10:45:08
[INFO]   Intermediate save → ./data/features/emg/5-imgs_5-rounds_contrastive.json (len=5 for Healthy_(normal)_Myopathy) || 2025-11-21 10:45:23
[INFO] Processing pair: 0 (Healthy (normal)) vs 2 (Neuropathy) || 2025-11-21 10:45:23
[INFO]   Round 1/5 for pair Healthy_(normal)_Neuropathy || 2025-11-21 10:45:23
[INFO]   Sending contrastive prompt to model... || 2025-11-21 10:45:24
[INFO]   Intermediate save → ./data/features/emg/5-imgs_5-rounds_contrastive.json (len=1 for Healthy_(normal)_Neuropathy) || 2025-11-21 10:45:39
[INFO]   Round 2/5 for pair Healthy_(normal)_Neuropathy || 2025-11-21 10:45:39
[INFO]   Sending contrastive prompt to model... || 2025-11-21 10:45:40
[INFO]   Intermediate save → ./data/features/emg/5-imgs_5-rounds_contrastive.json (len=2 for Healthy_(normal)_Neuropathy) || 2025-11-21 10:46:15
[INFO]   Round 3/5 for pair Healthy_(normal)_Neuropathy || 2025-11-21 10:46:15
[INFO]   Sending contrastive prompt to model... || 2025-11-21 10:46:15
[INFO]   Intermediate save → ./data/features/emg/5-imgs_5-rounds_contrastive.json (len=3 for Healthy_(normal)_Neuropathy) || 2025-11-21 10:46:32
[INFO]   Round 4/5 for pair Healthy_(normal)_Neuropathy || 2025-11-21 10:46:32
[INFO]   Sending contrastive prompt to model... || 2025-11-21 10:46:33
[INFO]   Intermediate save → ./data/features/emg/5-imgs_5-rounds_contrastive.json (len=4 for Healthy_(normal)_Neuropathy) || 2025-11-21 10:46:50
[INFO]   Round 5/5 for pair Healthy_(normal)_Neuropathy || 2025-11-21 10:46:50
[INFO]   Sending contrastive prompt to model... || 2025-11-21 10:46:51
[INFO]   Intermediate save → ./data/features/emg/5-imgs_5-rounds_contrastive.json (len=5 for Healthy_(normal)_Neuropathy) || 2025-11-21 10:47:08
[INFO] Processing pair: 1 (Myopathy) vs 2 (Neuropathy) || 2025-11-21 10:47:08
[INFO]   Round 1/5 for pair Myopathy_Neuropathy || 2025-11-21 10:47:08
[INFO]   Sending contrastive prompt to model... || 2025-11-21 10:47:08
[INFO]   Intermediate save → ./data/features/emg/5-imgs_5-rounds_contrastive.json (len=1 for Myopathy_Neuropathy) || 2025-11-21 10:47:22
[INFO]   Round 2/5 for pair Myopathy_Neuropathy || 2025-11-21 10:47:22
[INFO]   Sending contrastive prompt to model... || 2025-11-21 10:47:23
[INFO]   Intermediate save → ./data/features/emg/5-imgs_5-rounds_contrastive.json (len=2 for Myopathy_Neuropathy) || 2025-11-21 10:47:37
[INFO]   Round 3/5 for pair Myopathy_Neuropathy || 2025-11-21 10:47:37
[INFO]   Sending contrastive prompt to model... || 2025-11-21 10:47:38
[INFO]   Intermediate save → ./data/features/emg/5-imgs_5-rounds_contrastive.json (len=3 for Myopathy_Neuropathy) || 2025-11-21 10:47:55
[INFO]   Round 4/5 for pair Myopathy_Neuropathy || 2025-11-21 10:47:55
[INFO]   Sending contrastive prompt to model... || 2025-11-21 10:47:56
[INFO]   Intermediate save → ./data/features/emg/5-imgs_5-rounds_contrastive.json (len=4 for Myopathy_Neuropathy) || 2025-11-21 10:48:10
[INFO]   Round 5/5 for pair Myopathy_Neuropathy || 2025-11-21 10:48:10
[INFO]   Sending contrastive prompt to model... || 2025-11-21 10:48:11
[INFO]   Intermediate save → ./data/features/emg/5-imgs_5-rounds_contrastive.json (len=5 for Myopathy_Neuropathy) || 2025-11-21 10:48:25
[INFO] Saving final contrastive summaries to JSON... || 2025-11-21 10:48:25
[INFO] ✅ Finished. Results saved → ./data/features/emg/5-imgs_5-rounds_contrastive.json || 2025-11-21 10:48:25
