
========================================
Master Log Session at 2025-11-21 10:15:33
========================================
[INFO] Loaded dataset: har || 2025-11-21 10:15:33
[INFO] Train size=500, Test size=100 || 2025-11-21 10:15:33
[INFO] Restricting train to first 100 rows || 2025-11-21 10:15:33
[INFO] Starting contrastive summarization on TRAIN split... || 2025-11-21 10:15:33
[INFO] Label ids: [0, 1, 2, 3, 4, 5] || 2025-11-21 10:15:33
[INFO] Number of class pairs: 15 || 2025-11-21 10:15:33
[INFO] Processing pair: 0 (WALKING) vs 1 (WALKING_UPSTAIRS) || 2025-11-21 10:15:33
[INFO]   Round 1/5 for pair WALKING_WALKING_UPSTAIRS || 2025-11-21 10:15:33
[INFO] Saved example prompt markdown to: ./data/features/har/prompt_examples/train_5-imgs_5-rounds_contrastive_prompt.md || 2025-11-21 10:15:34
[INFO]   Sending contrastive prompt to model... || 2025-11-21 10:15:34
[INFO]   Intermediate save → ./data/features/har/5-imgs_5-rounds_contrastive.json (len=1 for WALKING_WALKING_UPSTAIRS) || 2025-11-21 10:15:49
[INFO]   Round 2/5 for pair WALKING_WALKING_UPSTAIRS || 2025-11-21 10:15:49
[INFO]   Sending contrastive prompt to model... || 2025-11-21 10:15:50
[INFO]   Intermediate save → ./data/features/har/5-imgs_5-rounds_contrastive.json (len=2 for WALKING_WALKING_UPSTAIRS) || 2025-11-21 10:16:06
[INFO]   Round 3/5 for pair WALKING_WALKING_UPSTAIRS || 2025-11-21 10:16:06
[INFO]   Sending contrastive prompt to model... || 2025-11-21 10:16:07
[INFO]   Intermediate save → ./data/features/har/5-imgs_5-rounds_contrastive.json (len=3 for WALKING_WALKING_UPSTAIRS) || 2025-11-21 10:16:27
[INFO]   Round 4/5 for pair WALKING_WALKING_UPSTAIRS || 2025-11-21 10:16:27
[INFO]   Sending contrastive prompt to model... || 2025-11-21 10:16:28
[INFO]   Intermediate save → ./data/features/har/5-imgs_5-rounds_contrastive.json (len=4 for WALKING_WALKING_UPSTAIRS) || 2025-11-21 10:16:42
[INFO]   Round 5/5 for pair WALKING_WALKING_UPSTAIRS || 2025-11-21 10:16:42
[INFO]   Sending contrastive prompt to model... || 2025-11-21 10:16:42
[INFO]   Intermediate save → ./data/features/har/5-imgs_5-rounds_contrastive.json (len=5 for WALKING_WALKING_UPSTAIRS) || 2025-11-21 10:16:58
[INFO] Processing pair: 0 (WALKING) vs 2 (WALKING_DOWNSTAIRS) || 2025-11-21 10:16:58
[INFO]   Round 1/5 for pair WALKING_WALKING_DOWNSTAIRS || 2025-11-21 10:16:58
[INFO]   Sending contrastive prompt to model... || 2025-11-21 10:16:59
[INFO]   Intermediate save → ./data/features/har/5-imgs_5-rounds_contrastive.json (len=1 for WALKING_WALKING_DOWNSTAIRS) || 2025-11-21 10:17:16
[INFO]   Round 2/5 for pair WALKING_WALKING_DOWNSTAIRS || 2025-11-21 10:17:16
[INFO]   Sending contrastive prompt to model... || 2025-11-21 10:17:16
[INFO]   Intermediate save → ./data/features/har/5-imgs_5-rounds_contrastive.json (len=2 for WALKING_WALKING_DOWNSTAIRS) || 2025-11-21 10:17:35
[INFO]   Round 3/5 for pair WALKING_WALKING_DOWNSTAIRS || 2025-11-21 10:17:35
[INFO]   Sending contrastive prompt to model... || 2025-11-21 10:17:36
[INFO]   Intermediate save → ./data/features/har/5-imgs_5-rounds_contrastive.json (len=3 for WALKING_WALKING_DOWNSTAIRS) || 2025-11-21 10:17:56
[INFO]   Round 4/5 for pair WALKING_WALKING_DOWNSTAIRS || 2025-11-21 10:17:56
[INFO]   Sending contrastive prompt to model... || 2025-11-21 10:17:57
[INFO]   Intermediate save → ./data/features/har/5-imgs_5-rounds_contrastive.json (len=4 for WALKING_WALKING_DOWNSTAIRS) || 2025-11-21 10:18:17
[INFO]   Round 5/5 for pair WALKING_WALKING_DOWNSTAIRS || 2025-11-21 10:18:17
[INFO]   Sending contrastive prompt to model... || 2025-11-21 10:18:18
[INFO]   Intermediate save → ./data/features/har/5-imgs_5-rounds_contrastive.json (len=5 for WALKING_WALKING_DOWNSTAIRS) || 2025-11-21 10:18:38
[INFO] Processing pair: 0 (WALKING) vs 3 (SITTING) || 2025-11-21 10:18:38
[INFO]   Round 1/5 for pair WALKING_SITTING || 2025-11-21 10:18:38
[INFO]   Sending contrastive prompt to model... || 2025-11-21 10:18:39
[INFO]   Intermediate save → ./data/features/har/5-imgs_5-rounds_contrastive.json (len=1 for WALKING_SITTING) || 2025-11-21 10:18:53
[INFO]   Round 2/5 for pair WALKING_SITTING || 2025-11-21 10:18:53
[INFO]   Sending contrastive prompt to model... || 2025-11-21 10:18:54
[INFO]   Intermediate save → ./data/features/har/5-imgs_5-rounds_contrastive.json (len=2 for WALKING_SITTING) || 2025-11-21 10:19:10
[INFO]   Round 3/5 for pair WALKING_SITTING || 2025-11-21 10:19:10
[INFO]   Sending contrastive prompt to model... || 2025-11-21 10:19:11
[INFO]   Intermediate save → ./data/features/har/5-imgs_5-rounds_contrastive.json (len=3 for WALKING_SITTING) || 2025-11-21 10:19:27
[INFO]   Round 4/5 for pair WALKING_SITTING || 2025-11-21 10:19:27
[INFO]   Sending contrastive prompt to model... || 2025-11-21 10:19:28
[INFO]   Intermediate save → ./data/features/har/5-imgs_5-rounds_contrastive.json (len=4 for WALKING_SITTING) || 2025-11-21 10:19:42
[INFO]   Round 5/5 for pair WALKING_SITTING || 2025-11-21 10:19:42
[INFO]   Sending contrastive prompt to model... || 2025-11-21 10:19:43
[INFO]   Intermediate save → ./data/features/har/5-imgs_5-rounds_contrastive.json (len=5 for WALKING_SITTING) || 2025-11-21 10:20:04
[INFO] Processing pair: 0 (WALKING) vs 4 (STANDING) || 2025-11-21 10:20:04
[INFO]   Round 1/5 for pair WALKING_STANDING || 2025-11-21 10:20:04
[INFO]   Sending contrastive prompt to model... || 2025-11-21 10:20:04
[INFO]   Intermediate save → ./data/features/har/5-imgs_5-rounds_contrastive.json (len=1 for WALKING_STANDING) || 2025-11-21 10:20:22
[INFO]   Round 2/5 for pair WALKING_STANDING || 2025-11-21 10:20:22
[INFO]   Sending contrastive prompt to model... || 2025-11-21 10:20:22
[INFO]   Intermediate save → ./data/features/har/5-imgs_5-rounds_contrastive.json (len=2 for WALKING_STANDING) || 2025-11-21 10:20:48
[INFO]   Round 3/5 for pair WALKING_STANDING || 2025-11-21 10:20:48
[INFO]   Sending contrastive prompt to model... || 2025-11-21 10:20:48
[INFO]   Intermediate save → ./data/features/har/5-imgs_5-rounds_contrastive.json (len=3 for WALKING_STANDING) || 2025-11-21 10:21:07
[INFO]   Round 4/5 for pair WALKING_STANDING || 2025-11-21 10:21:07
[INFO]   Sending contrastive prompt to model... || 2025-11-21 10:21:08
[INFO]   Intermediate save → ./data/features/har/5-imgs_5-rounds_contrastive.json (len=4 for WALKING_STANDING) || 2025-11-21 10:21:27
[INFO]   Round 5/5 for pair WALKING_STANDING || 2025-11-21 10:21:27
[INFO]   Sending contrastive prompt to model... || 2025-11-21 10:21:27
[INFO]   Intermediate save → ./data/features/har/5-imgs_5-rounds_contrastive.json (len=5 for WALKING_STANDING) || 2025-11-21 10:21:41
[INFO] Processing pair: 0 (WALKING) vs 5 (LAYING) || 2025-11-21 10:21:41
[INFO]   Round 1/5 for pair WALKING_LAYING || 2025-11-21 10:21:41
[INFO]   Sending contrastive prompt to model... || 2025-11-21 10:21:42
[INFO]   Intermediate save → ./data/features/har/5-imgs_5-rounds_contrastive.json (len=1 for WALKING_LAYING) || 2025-11-21 10:22:01
[INFO]   Round 2/5 for pair WALKING_LAYING || 2025-11-21 10:22:01
[INFO]   Sending contrastive prompt to model... || 2025-11-21 10:22:02
[INFO]   Intermediate save → ./data/features/har/5-imgs_5-rounds_contrastive.json (len=2 for WALKING_LAYING) || 2025-11-21 10:22:38
[INFO]   Round 3/5 for pair WALKING_LAYING || 2025-11-21 10:22:38
[INFO]   Sending contrastive prompt to model... || 2025-11-21 10:22:39
[INFO]   Intermediate save → ./data/features/har/5-imgs_5-rounds_contrastive.json (len=3 for WALKING_LAYING) || 2025-11-21 10:22:59
[INFO]   Round 4/5 for pair WALKING_LAYING || 2025-11-21 10:22:59
[INFO]   Sending contrastive prompt to model... || 2025-11-21 10:22:59
[INFO]   Intermediate save → ./data/features/har/5-imgs_5-rounds_contrastive.json (len=4 for WALKING_LAYING) || 2025-11-21 10:23:18
[INFO]   Round 5/5 for pair WALKING_LAYING || 2025-11-21 10:23:18
[INFO]   Sending contrastive prompt to model... || 2025-11-21 10:23:19
[INFO]   Intermediate save → ./data/features/har/5-imgs_5-rounds_contrastive.json (len=5 for WALKING_LAYING) || 2025-11-21 10:23:33
[INFO] Processing pair: 1 (WALKING_UPSTAIRS) vs 2 (WALKING_DOWNSTAIRS) || 2025-11-21 10:23:33
[INFO]   Round 1/5 for pair WALKING_UPSTAIRS_WALKING_DOWNSTAIRS || 2025-11-21 10:23:33
[INFO]   Sending contrastive prompt to model... || 2025-11-21 10:23:34
[INFO]   Intermediate save → ./data/features/har/5-imgs_5-rounds_contrastive.json (len=1 for WALKING_UPSTAIRS_WALKING_DOWNSTAIRS) || 2025-11-21 10:23:48
[INFO]   Round 2/5 for pair WALKING_UPSTAIRS_WALKING_DOWNSTAIRS || 2025-11-21 10:23:48
[INFO]   Sending contrastive prompt to model... || 2025-11-21 10:23:49
[INFO]   Intermediate save → ./data/features/har/5-imgs_5-rounds_contrastive.json (len=2 for WALKING_UPSTAIRS_WALKING_DOWNSTAIRS) || 2025-11-21 10:24:04
[INFO]   Round 3/5 for pair WALKING_UPSTAIRS_WALKING_DOWNSTAIRS || 2025-11-21 10:24:04
[INFO]   Sending contrastive prompt to model... || 2025-11-21 10:24:05
[INFO]   Intermediate save → ./data/features/har/5-imgs_5-rounds_contrastive.json (len=3 for WALKING_UPSTAIRS_WALKING_DOWNSTAIRS) || 2025-11-21 10:24:24
[INFO]   Round 4/5 for pair WALKING_UPSTAIRS_WALKING_DOWNSTAIRS || 2025-11-21 10:24:24
[INFO]   Sending contrastive prompt to model... || 2025-11-21 10:24:24
[INFO]   Intermediate save → ./data/features/har/5-imgs_5-rounds_contrastive.json (len=4 for WALKING_UPSTAIRS_WALKING_DOWNSTAIRS) || 2025-11-21 10:24:43
[INFO]   Round 5/5 for pair WALKING_UPSTAIRS_WALKING_DOWNSTAIRS || 2025-11-21 10:24:43
[INFO]   Sending contrastive prompt to model... || 2025-11-21 10:24:44
[INFO]   Intermediate save → ./data/features/har/5-imgs_5-rounds_contrastive.json (len=5 for WALKING_UPSTAIRS_WALKING_DOWNSTAIRS) || 2025-11-21 10:25:02
[INFO] Processing pair: 1 (WALKING_UPSTAIRS) vs 3 (SITTING) || 2025-11-21 10:25:02
[INFO]   Round 1/5 for pair WALKING_UPSTAIRS_SITTING || 2025-11-21 10:25:02
[INFO]   Sending contrastive prompt to model... || 2025-11-21 10:25:03
[INFO]   Intermediate save → ./data/features/har/5-imgs_5-rounds_contrastive.json (len=1 for WALKING_UPSTAIRS_SITTING) || 2025-11-21 10:25:19
[INFO]   Round 2/5 for pair WALKING_UPSTAIRS_SITTING || 2025-11-21 10:25:19
[INFO]   Sending contrastive prompt to model... || 2025-11-21 10:25:19
[INFO]   Intermediate save → ./data/features/har/5-imgs_5-rounds_contrastive.json (len=2 for WALKING_UPSTAIRS_SITTING) || 2025-11-21 10:25:34
[INFO]   Round 3/5 for pair WALKING_UPSTAIRS_SITTING || 2025-11-21 10:25:34
[INFO]   Sending contrastive prompt to model... || 2025-11-21 10:25:35
[INFO]   Intermediate save → ./data/features/har/5-imgs_5-rounds_contrastive.json (len=3 for WALKING_UPSTAIRS_SITTING) || 2025-11-21 10:25:53
[INFO]   Round 4/5 for pair WALKING_UPSTAIRS_SITTING || 2025-11-21 10:25:53
[INFO]   Sending contrastive prompt to model... || 2025-11-21 10:25:53
[INFO]   Intermediate save → ./data/features/har/5-imgs_5-rounds_contrastive.json (len=4 for WALKING_UPSTAIRS_SITTING) || 2025-11-21 10:26:11
[INFO]   Round 5/5 for pair WALKING_UPSTAIRS_SITTING || 2025-11-21 10:26:11
[INFO]   Sending contrastive prompt to model... || 2025-11-21 10:26:12
[INFO]   Intermediate save → ./data/features/har/5-imgs_5-rounds_contrastive.json (len=5 for WALKING_UPSTAIRS_SITTING) || 2025-11-21 10:26:31
[INFO] Processing pair: 1 (WALKING_UPSTAIRS) vs 4 (STANDING) || 2025-11-21 10:26:31
[INFO]   Round 1/5 for pair WALKING_UPSTAIRS_STANDING || 2025-11-21 10:26:31
[INFO]   Sending contrastive prompt to model... || 2025-11-21 10:26:32
[INFO]   Intermediate save → ./data/features/har/5-imgs_5-rounds_contrastive.json (len=1 for WALKING_UPSTAIRS_STANDING) || 2025-11-21 10:26:46
[INFO]   Round 2/5 for pair WALKING_UPSTAIRS_STANDING || 2025-11-21 10:26:46
[INFO]   Sending contrastive prompt to model... || 2025-11-21 10:26:47
[INFO]   Intermediate save → ./data/features/har/5-imgs_5-rounds_contrastive.json (len=2 for WALKING_UPSTAIRS_STANDING) || 2025-11-21 10:27:13
[INFO]   Round 3/5 for pair WALKING_UPSTAIRS_STANDING || 2025-11-21 10:27:13
[INFO]   Sending contrastive prompt to model... || 2025-11-21 10:27:14
[INFO]   Intermediate save → ./data/features/har/5-imgs_5-rounds_contrastive.json (len=3 for WALKING_UPSTAIRS_STANDING) || 2025-11-21 10:27:32
[INFO]   Round 4/5 for pair WALKING_UPSTAIRS_STANDING || 2025-11-21 10:27:32
[INFO]   Sending contrastive prompt to model... || 2025-11-21 10:27:33
[INFO]   Intermediate save → ./data/features/har/5-imgs_5-rounds_contrastive.json (len=4 for WALKING_UPSTAIRS_STANDING) || 2025-11-21 10:27:47
[INFO]   Round 5/5 for pair WALKING_UPSTAIRS_STANDING || 2025-11-21 10:27:47
[INFO]   Sending contrastive prompt to model... || 2025-11-21 10:27:48
[INFO]   Intermediate save → ./data/features/har/5-imgs_5-rounds_contrastive.json (len=5 for WALKING_UPSTAIRS_STANDING) || 2025-11-21 10:28:07
[INFO] Processing pair: 1 (WALKING_UPSTAIRS) vs 5 (LAYING) || 2025-11-21 10:28:07
[INFO]   Round 1/5 for pair WALKING_UPSTAIRS_LAYING || 2025-11-21 10:28:07
[INFO]   Sending contrastive prompt to model... || 2025-11-21 10:28:08
[INFO]   Intermediate save → ./data/features/har/5-imgs_5-rounds_contrastive.json (len=1 for WALKING_UPSTAIRS_LAYING) || 2025-11-21 10:28:21
[INFO]   Round 2/5 for pair WALKING_UPSTAIRS_LAYING || 2025-11-21 10:28:21
[INFO]   Sending contrastive prompt to model... || 2025-11-21 10:28:22
[INFO]   Intermediate save → ./data/features/har/5-imgs_5-rounds_contrastive.json (len=2 for WALKING_UPSTAIRS_LAYING) || 2025-11-21 10:28:34
[INFO]   Round 3/5 for pair WALKING_UPSTAIRS_LAYING || 2025-11-21 10:28:34
[INFO]   Sending contrastive prompt to model... || 2025-11-21 10:28:35
[INFO]   Intermediate save → ./data/features/har/5-imgs_5-rounds_contrastive.json (len=3 for WALKING_UPSTAIRS_LAYING) || 2025-11-21 10:28:49
[INFO]   Round 4/5 for pair WALKING_UPSTAIRS_LAYING || 2025-11-21 10:28:49
[INFO]   Sending contrastive prompt to model... || 2025-11-21 10:28:49
[INFO]   Intermediate save → ./data/features/har/5-imgs_5-rounds_contrastive.json (len=4 for WALKING_UPSTAIRS_LAYING) || 2025-11-21 10:29:07
[INFO]   Round 5/5 for pair WALKING_UPSTAIRS_LAYING || 2025-11-21 10:29:07
[INFO]   Sending contrastive prompt to model... || 2025-11-21 10:29:07
[INFO]   Intermediate save → ./data/features/har/5-imgs_5-rounds_contrastive.json (len=5 for WALKING_UPSTAIRS_LAYING) || 2025-11-21 10:29:23
[INFO] Processing pair: 2 (WALKING_DOWNSTAIRS) vs 3 (SITTING) || 2025-11-21 10:29:23
[INFO]   Round 1/5 for pair WALKING_DOWNSTAIRS_SITTING || 2025-11-21 10:29:23
[INFO]   Sending contrastive prompt to model... || 2025-11-21 10:29:23
[INFO]   Intermediate save → ./data/features/har/5-imgs_5-rounds_contrastive.json (len=1 for WALKING_DOWNSTAIRS_SITTING) || 2025-11-21 10:29:39
[INFO]   Round 2/5 for pair WALKING_DOWNSTAIRS_SITTING || 2025-11-21 10:29:39
[INFO]   Sending contrastive prompt to model... || 2025-11-21 10:29:40
[INFO]   Intermediate save → ./data/features/har/5-imgs_5-rounds_contrastive.json (len=2 for WALKING_DOWNSTAIRS_SITTING) || 2025-11-21 10:29:54
[INFO]   Round 3/5 for pair WALKING_DOWNSTAIRS_SITTING || 2025-11-21 10:29:54
[INFO]   Sending contrastive prompt to model... || 2025-11-21 10:29:55
[INFO]   Intermediate save → ./data/features/har/5-imgs_5-rounds_contrastive.json (len=3 for WALKING_DOWNSTAIRS_SITTING) || 2025-11-21 10:30:15
[INFO]   Round 4/5 for pair WALKING_DOWNSTAIRS_SITTING || 2025-11-21 10:30:15
[INFO]   Sending contrastive prompt to model... || 2025-11-21 10:30:16
[INFO]   Intermediate save → ./data/features/har/5-imgs_5-rounds_contrastive.json (len=4 for WALKING_DOWNSTAIRS_SITTING) || 2025-11-21 10:30:32
[INFO]   Round 5/5 for pair WALKING_DOWNSTAIRS_SITTING || 2025-11-21 10:30:32
[INFO]   Sending contrastive prompt to model... || 2025-11-21 10:30:33
[INFO]   Intermediate save → ./data/features/har/5-imgs_5-rounds_contrastive.json (len=5 for WALKING_DOWNSTAIRS_SITTING) || 2025-11-21 10:30:52
[INFO] Processing pair: 2 (WALKING_DOWNSTAIRS) vs 4 (STANDING) || 2025-11-21 10:30:52
[INFO]   Round 1/5 for pair WALKING_DOWNSTAIRS_STANDING || 2025-11-21 10:30:52
[INFO]   Sending contrastive prompt to model... || 2025-11-21 10:30:53
[INFO]   Intermediate save → ./data/features/har/5-imgs_5-rounds_contrastive.json (len=1 for WALKING_DOWNSTAIRS_STANDING) || 2025-11-21 10:31:17
[INFO]   Round 2/5 for pair WALKING_DOWNSTAIRS_STANDING || 2025-11-21 10:31:17
[INFO]   Sending contrastive prompt to model... || 2025-11-21 10:31:17
[INFO]   Intermediate save → ./data/features/har/5-imgs_5-rounds_contrastive.json (len=2 for WALKING_DOWNSTAIRS_STANDING) || 2025-11-21 10:31:32
[INFO]   Round 3/5 for pair WALKING_DOWNSTAIRS_STANDING || 2025-11-21 10:31:32
[INFO]   Sending contrastive prompt to model... || 2025-11-21 10:31:32
[INFO]   Intermediate save → ./data/features/har/5-imgs_5-rounds_contrastive.json (len=3 for WALKING_DOWNSTAIRS_STANDING) || 2025-11-21 10:31:44
[INFO]   Round 4/5 for pair WALKING_DOWNSTAIRS_STANDING || 2025-11-21 10:31:44
[INFO]   Sending contrastive prompt to model... || 2025-11-21 10:31:44
[INFO]   Intermediate save → ./data/features/har/5-imgs_5-rounds_contrastive.json (len=4 for WALKING_DOWNSTAIRS_STANDING) || 2025-11-21 10:32:00
[INFO]   Round 5/5 for pair WALKING_DOWNSTAIRS_STANDING || 2025-11-21 10:32:00
[INFO]   Sending contrastive prompt to model... || 2025-11-21 10:32:01
[INFO]   Intermediate save → ./data/features/har/5-imgs_5-rounds_contrastive.json (len=5 for WALKING_DOWNSTAIRS_STANDING) || 2025-11-21 10:32:16
[INFO] Processing pair: 2 (WALKING_DOWNSTAIRS) vs 5 (LAYING) || 2025-11-21 10:32:16
[INFO]   Round 1/5 for pair WALKING_DOWNSTAIRS_LAYING || 2025-11-21 10:32:16
[INFO]   Sending contrastive prompt to model... || 2025-11-21 10:32:16
[INFO]   Intermediate save → ./data/features/har/5-imgs_5-rounds_contrastive.json (len=1 for WALKING_DOWNSTAIRS_LAYING) || 2025-11-21 10:32:32
[INFO]   Round 2/5 for pair WALKING_DOWNSTAIRS_LAYING || 2025-11-21 10:32:32
[INFO]   Sending contrastive prompt to model... || 2025-11-21 10:32:32
[INFO]   Intermediate save → ./data/features/har/5-imgs_5-rounds_contrastive.json (len=2 for WALKING_DOWNSTAIRS_LAYING) || 2025-11-21 10:32:48
[INFO]   Round 3/5 for pair WALKING_DOWNSTAIRS_LAYING || 2025-11-21 10:32:48
[INFO]   Sending contrastive prompt to model... || 2025-11-21 10:32:49
[INFO]   Intermediate save → ./data/features/har/5-imgs_5-rounds_contrastive.json (len=3 for WALKING_DOWNSTAIRS_LAYING) || 2025-11-21 10:33:05
[INFO]   Round 4/5 for pair WALKING_DOWNSTAIRS_LAYING || 2025-11-21 10:33:05
[INFO]   Sending contrastive prompt to model... || 2025-11-21 10:33:05
[INFO]   Intermediate save → ./data/features/har/5-imgs_5-rounds_contrastive.json (len=4 for WALKING_DOWNSTAIRS_LAYING) || 2025-11-21 10:33:18
[INFO]   Round 5/5 for pair WALKING_DOWNSTAIRS_LAYING || 2025-11-21 10:33:18
[INFO]   Sending contrastive prompt to model... || 2025-11-21 10:33:19
[INFO]   Intermediate save → ./data/features/har/5-imgs_5-rounds_contrastive.json (len=5 for WALKING_DOWNSTAIRS_LAYING) || 2025-11-21 10:33:35
[INFO] Processing pair: 3 (SITTING) vs 4 (STANDING) || 2025-11-21 10:33:35
[INFO]   Round 1/5 for pair SITTING_STANDING || 2025-11-21 10:33:35
[INFO]   Sending contrastive prompt to model... || 2025-11-21 10:33:35
[INFO]   Intermediate save → ./data/features/har/5-imgs_5-rounds_contrastive.json (len=1 for SITTING_STANDING) || 2025-11-21 10:33:51
[INFO]   Round 2/5 for pair SITTING_STANDING || 2025-11-21 10:33:51
[INFO]   Sending contrastive prompt to model... || 2025-11-21 10:33:51
[INFO]   Intermediate save → ./data/features/har/5-imgs_5-rounds_contrastive.json (len=2 for SITTING_STANDING) || 2025-11-21 10:34:08
[INFO]   Round 3/5 for pair SITTING_STANDING || 2025-11-21 10:34:08
[INFO]   Sending contrastive prompt to model... || 2025-11-21 10:34:09
[INFO]   Intermediate save → ./data/features/har/5-imgs_5-rounds_contrastive.json (len=3 for SITTING_STANDING) || 2025-11-21 10:34:32
[INFO]   Round 4/5 for pair SITTING_STANDING || 2025-11-21 10:34:32
[INFO]   Sending contrastive prompt to model... || 2025-11-21 10:34:32
[INFO]   Intermediate save → ./data/features/har/5-imgs_5-rounds_contrastive.json (len=4 for SITTING_STANDING) || 2025-11-21 10:34:50
[INFO]   Round 5/5 for pair SITTING_STANDING || 2025-11-21 10:34:50
[INFO]   Sending contrastive prompt to model... || 2025-11-21 10:34:51
[INFO]   Intermediate save → ./data/features/har/5-imgs_5-rounds_contrastive.json (len=5 for SITTING_STANDING) || 2025-11-21 10:35:12
[INFO] Processing pair: 3 (SITTING) vs 5 (LAYING) || 2025-11-21 10:35:12
[INFO]   Round 1/5 for pair SITTING_LAYING || 2025-11-21 10:35:12
[INFO]   Sending contrastive prompt to model... || 2025-11-21 10:35:13
[INFO]   Intermediate save → ./data/features/har/5-imgs_5-rounds_contrastive.json (len=1 for SITTING_LAYING) || 2025-11-21 10:35:34
[INFO]   Round 2/5 for pair SITTING_LAYING || 2025-11-21 10:35:34
[INFO]   Sending contrastive prompt to model... || 2025-11-21 10:35:35
[INFO]   Intermediate save → ./data/features/har/5-imgs_5-rounds_contrastive.json (len=2 for SITTING_LAYING) || 2025-11-21 10:35:55
[INFO]   Round 3/5 for pair SITTING_LAYING || 2025-11-21 10:35:55
[INFO]   Sending contrastive prompt to model... || 2025-11-21 10:35:56
[INFO]   Intermediate save → ./data/features/har/5-imgs_5-rounds_contrastive.json (len=3 for SITTING_LAYING) || 2025-11-21 10:36:16
[INFO]   Round 4/5 for pair SITTING_LAYING || 2025-11-21 10:36:16
[INFO]   Sending contrastive prompt to model... || 2025-11-21 10:36:17
[INFO]   Intermediate save → ./data/features/har/5-imgs_5-rounds_contrastive.json (len=4 for SITTING_LAYING) || 2025-11-21 10:36:33
[INFO]   Round 5/5 for pair SITTING_LAYING || 2025-11-21 10:36:33
[INFO]   Sending contrastive prompt to model... || 2025-11-21 10:36:34
[INFO]   Intermediate save → ./data/features/har/5-imgs_5-rounds_contrastive.json (len=5 for SITTING_LAYING) || 2025-11-21 10:37:06
[INFO] Processing pair: 4 (STANDING) vs 5 (LAYING) || 2025-11-21 10:37:06
[INFO]   Round 1/5 for pair STANDING_LAYING || 2025-11-21 10:37:06
[INFO]   Sending contrastive prompt to model... || 2025-11-21 10:37:06
[INFO]   Intermediate save → ./data/features/har/5-imgs_5-rounds_contrastive.json (len=1 for STANDING_LAYING) || 2025-11-21 10:37:27
[INFO]   Round 2/5 for pair STANDING_LAYING || 2025-11-21 10:37:27
[INFO]   Sending contrastive prompt to model... || 2025-11-21 10:37:28
[INFO]   Intermediate save → ./data/features/har/5-imgs_5-rounds_contrastive.json (len=2 for STANDING_LAYING) || 2025-11-21 10:37:48
[INFO]   Round 3/5 for pair STANDING_LAYING || 2025-11-21 10:37:48
[INFO]   Sending contrastive prompt to model... || 2025-11-21 10:37:48
[INFO]   Intermediate save → ./data/features/har/5-imgs_5-rounds_contrastive.json (len=3 for STANDING_LAYING) || 2025-11-21 10:38:07
[INFO]   Round 4/5 for pair STANDING_LAYING || 2025-11-21 10:38:07
[INFO]   Sending contrastive prompt to model... || 2025-11-21 10:38:08
[INFO]   Intermediate save → ./data/features/har/5-imgs_5-rounds_contrastive.json (len=4 for STANDING_LAYING) || 2025-11-21 10:38:28
[INFO]   Round 5/5 for pair STANDING_LAYING || 2025-11-21 10:38:28
[INFO]   Sending contrastive prompt to model... || 2025-11-21 10:38:28
[INFO]   Intermediate save → ./data/features/har/5-imgs_5-rounds_contrastive.json (len=5 for STANDING_LAYING) || 2025-11-21 10:38:45
[INFO] Saving final contrastive summaries to JSON... || 2025-11-21 10:38:45
[INFO] ✅ Finished. Results saved → ./data/features/har/5-imgs_5-rounds_contrastive.json || 2025-11-21 10:38:45
